{"/Users/tobiaskusnaman/Documents/finalProject/client/App.js": {"path":"/Users/tobiaskusnaman/Documents/finalProject/client/App.js","statementMap":{"0":{"start":{"line":23,"column":4},"end":{"line":27,"column":6}},"1":{"start":{"line":31,"column":32},"end":{"line":40,"column":2}},"2":{"start":{"line":31,"column":53},"end":{"line":40,"column":1}},"3":{"start":{"line":43,"column":14},"end":{"line":71,"column":1}},"4":{"start":{"line":74,"column":21},"end":{"line":82,"column":1}},"5":{"start":{"line":85,"column":2},"end":{"line":114,"column":1}},"6":{"start":{"line":92,"column":12},"end":{"line":104,"column":25}},"7":{"start":{"line":116,"column":15},"end":{"line":144,"column":2}}},"fnMap":{"0":{"name":"(anonymous_0)","decl":{"start":{"line":22,"column":2},"end":{"line":22,"column":3}},"loc":{"start":{"line":22,"column":11},"end":{"line":28,"column":3}},"line":22},"1":{"name":"(anonymous_1)","decl":{"start":{"line":31,"column":32},"end":{"line":31,"column":33}},"loc":{"start":{"line":31,"column":53},"end":{"line":40,"column":1}},"line":31},"2":{"name":"(anonymous_2)","decl":{"start":{"line":91,"column":28},"end":{"line":91,"column":29}},"loc":{"start":{"line":92,"column":12},"end":{"line":104,"column":25}},"line":92}},"branchMap":{},"s":{"0":1,"1":1,"2":5,"3":1,"4":1,"5":1,"6":1,"7":1},"f":{"0":1,"1":5,"2":1},"b":{},"_coverageSchema":"332fd63041d2c1bcb487cc26dd0d5f7d97098a6c","hash":"0fecea85f0fd716ae9a758966c62ae7f655195df"}
,"/Users/tobiaskusnaman/Documents/finalProject/client/src/components/LandingScreen/Register.js": {"path":"/Users/tobiaskusnaman/Documents/finalProject/client/src/components/LandingScreen/Register.js","statementMap":{"0":{"start":{"line":19,"column":4},"end":{"line":19,"column":17}},"1":{"start":{"line":20,"column":4},"end":{"line":20,"column":20}},"2":{"start":{"line":24,"column":4},"end":{"line":24,"column":41}},"3":{"start":{"line":32,"column":4},"end":{"line":67,"column":6}},"4":{"start":{"line":37,"column":39},"end":{"line":37,"column":61}},"5":{"start":{"line":45,"column":38},"end":{"line":45,"column":59}},"6":{"start":{"line":53,"column":42},"end":{"line":53,"column":67}},"7":{"start":{"line":61,"column":27},"end":{"line":61,"column":46}},"8":{"start":{"line":71,"column":15},"end":{"line":77,"column":2}}},"fnMap":{"0":{"name":"(anonymous_0)","decl":{"start":{"line":18,"column":2},"end":{"line":18,"column":3}},"loc":{"start":{"line":18,"column":21},"end":{"line":21,"column":3}},"line":18},"1":{"name":"(anonymous_1)","decl":{"start":{"line":23,"column":17},"end":{"line":23,"column":18}},"loc":{"start":{"line":23,"column":23},"end":{"line":25,"column":3}},"line":23},"2":{"name":"(anonymous_2)","decl":{"start":{"line":31,"column":2},"end":{"line":31,"column":3}},"loc":{"start":{"line":31,"column":11},"end":{"line":68,"column":3}},"line":31},"3":{"name":"(anonymous_3)","decl":{"start":{"line":37,"column":28},"end":{"line":37,"column":29}},"loc":{"start":{"line":37,"column":39},"end":{"line":37,"column":61}},"line":37},"4":{"name":"(anonymous_4)","decl":{"start":{"line":45,"column":28},"end":{"line":45,"column":29}},"loc":{"start":{"line":45,"column":38},"end":{"line":45,"column":59}},"line":45},"5":{"name":"(anonymous_5)","decl":{"start":{"line":53,"column":28},"end":{"line":53,"column":29}},"loc":{"start":{"line":53,"column":42},"end":{"line":53,"column":67}},"line":53},"6":{"name":"(anonymous_6)","decl":{"start":{"line":61,"column":21},"end":{"line":61,"column":22}},"loc":{"start":{"line":61,"column":27},"end":{"line":61,"column":46}},"line":61}},"branchMap":{},"s":{"0":0,"1":0,"2":0,"3":0,"4":0,"5":0,"6":0,"7":0,"8":1},"f":{"0":0,"1":0,"2":0,"3":0,"4":0,"5":0,"6":0},"b":{},"_coverageSchema":"332fd63041d2c1bcb487cc26dd0d5f7d97098a6c","hash":"69d572fb39c5627c105b9dc920d5be18e3a4fe54"}
,"/Users/tobiaskusnaman/Documents/finalProject/client/src/components/customer/CardMenu.js": {"path":"/Users/tobiaskusnaman/Documents/finalProject/client/src/components/customer/CardMenu.js","statementMap":{"0":{"start":{"line":18,"column":4},"end":{"line":18,"column":16}},"1":{"start":{"line":21,"column":21},"end":{"line":21,"column":191}},"2":{"start":{"line":22,"column":4},"end":{"line":43,"column":5}},"3":{"start":{"line":46,"column":18},"end":{"line":46,"column":42}},"4":{"start":{"line":47,"column":19},"end":{"line":47,"column":29}},"5":{"start":{"line":48,"column":15},"end":{"line":63,"column":2}}},"fnMap":{"0":{"name":"(anonymous_0)","decl":{"start":{"line":17,"column":2},"end":{"line":17,"column":3}},"loc":{"start":{"line":17,"column":20},"end":{"line":19,"column":3}},"line":17},"1":{"name":"(anonymous_1)","decl":{"start":{"line":20,"column":2},"end":{"line":20,"column":3}},"loc":{"start":{"line":20,"column":11},"end":{"line":44,"column":3}},"line":20}},"branchMap":{},"s":{"0":0,"1":0,"2":0,"3":1,"4":1,"5":1},"f":{"0":0,"1":0},"b":{},"_coverageSchema":"332fd63041d2c1bcb487cc26dd0d5f7d97098a6c","hash":"560f8c988b75cdb401bec81e604db20f492b81cb"}
,"/Users/tobiaskusnaman/Documents/finalProject/client/src/components/customer/CardRestaurant.js": {"path":"/Users/tobiaskusnaman/Documents/finalProject/client/src/components/customer/CardRestaurant.js","statementMap":{"0":{"start":{"line":21,"column":4},"end":{"line":21,"column":16}},"1":{"start":{"line":25,"column":25},"end":{"line":25,"column":46}},"2":{"start":{"line":26,"column":4},"end":{"line":26,"column":39}},"3":{"start":{"line":31,"column":4},"end":{"line":54,"column":5}},"4":{"start":{"line":44,"column":35},"end":{"line":44,"column":76}},"5":{"start":{"line":59,"column":15},"end":{"line":67,"column":2}}},"fnMap":{"0":{"name":"(anonymous_0)","decl":{"start":{"line":20,"column":2},"end":{"line":20,"column":3}},"loc":{"start":{"line":20,"column":21},"end":{"line":22,"column":3}},"line":20},"1":{"name":"(anonymous_1)","decl":{"start":{"line":24,"column":27},"end":{"line":24,"column":28}},"loc":{"start":{"line":24,"column":35},"end":{"line":27,"column":3}},"line":24},"2":{"name":"(anonymous_2)","decl":{"start":{"line":29,"column":2},"end":{"line":29,"column":3}},"loc":{"start":{"line":29,"column":11},"end":{"line":55,"column":3}},"line":29},"3":{"name":"(anonymous_3)","decl":{"start":{"line":44,"column":29},"end":{"line":44,"column":30}},"loc":{"start":{"line":44,"column":35},"end":{"line":44,"column":76}},"line":44}},"branchMap":{},"s":{"0":0,"1":0,"2":0,"3":0,"4":0,"5":1},"f":{"0":0,"1":0,"2":0,"3":0},"b":{},"_coverageSchema":"332fd63041d2c1bcb487cc26dd0d5f7d97098a6c","hash":"aee75f41191709d35ee2664499e4ef85e9fd3221"}
,"/Users/tobiaskusnaman/Documents/finalProject/client/src/components/customer/MenuCategory.js": {"path":"/Users/tobiaskusnaman/Documents/finalProject/client/src/components/customer/MenuCategory.js","statementMap":{"0":{"start":{"line":13,"column":4},"end":{"line":13,"column":16}},"1":{"start":{"line":15,"column":4},"end":{"line":17,"column":5}},"2":{"start":{"line":20,"column":35},"end":{"line":20,"column":46}},"3":{"start":{"line":24,"column":4},"end":{"line":36,"column":5}},"4":{"start":{"line":32,"column":12},"end":{"line":32,"column":23}},"5":{"start":{"line":41,"column":15},"end":{"line":50,"column":2}}},"fnMap":{"0":{"name":"(anonymous_0)","decl":{"start":{"line":12,"column":2},"end":{"line":12,"column":3}},"loc":{"start":{"line":12,"column":20},"end":{"line":18,"column":3}},"line":12},"1":{"name":"(anonymous_1)","decl":{"start":{"line":20,"column":18},"end":{"line":20,"column":19}},"loc":{"start":{"line":20,"column":35},"end":{"line":20,"column":46}},"line":20},"2":{"name":"(anonymous_2)","decl":{"start":{"line":22,"column":2},"end":{"line":22,"column":3}},"loc":{"start":{"line":22,"column":11},"end":{"line":37,"column":3}},"line":22},"3":{"name":"(anonymous_3)","decl":{"start":{"line":31,"column":22},"end":{"line":31,"column":23}},"loc":{"start":{"line":32,"column":12},"end":{"line":32,"column":23}},"line":32}},"branchMap":{},"s":{"0":0,"1":0,"2":0,"3":0,"4":0,"5":1},"f":{"0":0,"1":0,"2":0,"3":0},"b":{},"_coverageSchema":"332fd63041d2c1bcb487cc26dd0d5f7d97098a6c","hash":"8a03dbc42f61e21f93449eaf04b2f52bb1308c67"}
,"/Users/tobiaskusnaman/Documents/finalProject/client/src/components/owner/AddMenu.js": {"path":"/Users/tobiaskusnaman/Documents/finalProject/client/src/components/owner/AddMenu.js","statementMap":{"0":{"start":{"line":20,"column":4},"end":{"line":20,"column":11}},"1":{"start":{"line":21,"column":4},"end":{"line":26,"column":5}},"2":{"start":{"line":30,"column":4},"end":{"line":30,"column":22}},"3":{"start":{"line":31,"column":4},"end":{"line":31,"column":22}},"4":{"start":{"line":35,"column":4},"end":{"line":77,"column":6}},"5":{"start":{"line":41,"column":38},"end":{"line":41,"column":59}},"6":{"start":{"line":48,"column":39},"end":{"line":48,"column":61}},"7":{"start":{"line":55,"column":42},"end":{"line":55,"column":67}},"8":{"start":{"line":63,"column":38},"end":{"line":63,"column":59}},"9":{"start":{"line":71,"column":27},"end":{"line":71,"column":46}},"10":{"start":{"line":81,"column":15},"end":{"line":87,"column":2}}},"fnMap":{"0":{"name":"(anonymous_0)","decl":{"start":{"line":19,"column":2},"end":{"line":19,"column":3}},"loc":{"start":{"line":19,"column":17},"end":{"line":27,"column":3}},"line":19},"1":{"name":"(anonymous_1)","decl":{"start":{"line":29,"column":17},"end":{"line":29,"column":18}},"loc":{"start":{"line":29,"column":24},"end":{"line":32,"column":3}},"line":29},"2":{"name":"(anonymous_2)","decl":{"start":{"line":34,"column":2},"end":{"line":34,"column":3}},"loc":{"start":{"line":34,"column":11},"end":{"line":78,"column":3}},"line":34},"3":{"name":"(anonymous_3)","decl":{"start":{"line":41,"column":28},"end":{"line":41,"column":29}},"loc":{"start":{"line":41,"column":38},"end":{"line":41,"column":59}},"line":41},"4":{"name":"(anonymous_4)","decl":{"start":{"line":48,"column":28},"end":{"line":48,"column":29}},"loc":{"start":{"line":48,"column":39},"end":{"line":48,"column":61}},"line":48},"5":{"name":"(anonymous_5)","decl":{"start":{"line":55,"column":28},"end":{"line":55,"column":29}},"loc":{"start":{"line":55,"column":42},"end":{"line":55,"column":67}},"line":55},"6":{"name":"(anonymous_6)","decl":{"start":{"line":63,"column":28},"end":{"line":63,"column":29}},"loc":{"start":{"line":63,"column":38},"end":{"line":63,"column":59}},"line":63},"7":{"name":"(anonymous_7)","decl":{"start":{"line":71,"column":21},"end":{"line":71,"column":22}},"loc":{"start":{"line":71,"column":27},"end":{"line":71,"column":46}},"line":71}},"branchMap":{},"s":{"0":0,"1":0,"2":0,"3":0,"4":0,"5":0,"6":0,"7":0,"8":0,"9":0,"10":1},"f":{"0":0,"1":0,"2":0,"3":0,"4":0,"5":0,"6":0,"7":0},"b":{},"_coverageSchema":"332fd63041d2c1bcb487cc26dd0d5f7d97098a6c","hash":"b4eba18da3bae7099d8ae55326df1891069b4c17"}
,"/Users/tobiaskusnaman/Documents/finalProject/client/src/components/owner/DetailMenu.js": {"path":"/Users/tobiaskusnaman/Documents/finalProject/client/src/components/owner/DetailMenu.js","statementMap":{"0":{"start":{"line":9,"column":4},"end":{"line":9,"column":11}},"1":{"start":{"line":10,"column":4},"end":{"line":18,"column":5}},"2":{"start":{"line":21,"column":4},"end":{"line":60,"column":6}},"3":{"start":{"line":42,"column":51},"end":{"line":42,"column":96}}},"fnMap":{"0":{"name":"(anonymous_0)","decl":{"start":{"line":8,"column":2},"end":{"line":8,"column":3}},"loc":{"start":{"line":8,"column":17},"end":{"line":19,"column":3}},"line":8},"1":{"name":"(anonymous_1)","decl":{"start":{"line":20,"column":2},"end":{"line":20,"column":3}},"loc":{"start":{"line":20,"column":11},"end":{"line":61,"column":3}},"line":20},"2":{"name":"(anonymous_2)","decl":{"start":{"line":42,"column":45},"end":{"line":42,"column":46}},"loc":{"start":{"line":42,"column":51},"end":{"line":42,"column":96}},"line":42}},"branchMap":{},"s":{"0":0,"1":0,"2":0,"3":0},"f":{"0":0,"1":0,"2":0},"b":{},"_coverageSchema":"332fd63041d2c1bcb487cc26dd0d5f7d97098a6c","hash":"4f2fc2ea1997351586a0a8b0ddf43386d248209e"}
,"/Users/tobiaskusnaman/Documents/finalProject/client/src/components/owner/EditMenu.js": {"path":"/Users/tobiaskusnaman/Documents/finalProject/client/src/components/owner/EditMenu.js","statementMap":{"0":{"start":{"line":20,"column":4},"end":{"line":20,"column":11}},"1":{"start":{"line":21,"column":4},"end":{"line":26,"column":5}},"2":{"start":{"line":30,"column":4},"end":{"line":30,"column":22}},"3":{"start":{"line":31,"column":4},"end":{"line":31,"column":22}},"4":{"start":{"line":35,"column":4},"end":{"line":81,"column":5}},"5":{"start":{"line":36,"column":6},"end":{"line":36,"column":23}},"6":{"start":{"line":38,"column":6},"end":{"line":80,"column":7}},"7":{"start":{"line":44,"column":40},"end":{"line":44,"column":61}},"8":{"start":{"line":51,"column":41},"end":{"line":51,"column":63}},"9":{"start":{"line":58,"column":44},"end":{"line":58,"column":69}},"10":{"start":{"line":66,"column":40},"end":{"line":66,"column":61}},"11":{"start":{"line":74,"column":29},"end":{"line":74,"column":48}},"12":{"start":{"line":85,"column":15},"end":{"line":91,"column":2}}},"fnMap":{"0":{"name":"(anonymous_0)","decl":{"start":{"line":19,"column":2},"end":{"line":19,"column":3}},"loc":{"start":{"line":19,"column":17},"end":{"line":27,"column":3}},"line":19},"1":{"name":"(anonymous_1)","decl":{"start":{"line":29,"column":17},"end":{"line":29,"column":18}},"loc":{"start":{"line":29,"column":24},"end":{"line":32,"column":3}},"line":29},"2":{"name":"(anonymous_2)","decl":{"start":{"line":34,"column":2},"end":{"line":34,"column":3}},"loc":{"start":{"line":34,"column":11},"end":{"line":82,"column":3}},"line":34},"3":{"name":"(anonymous_3)","decl":{"start":{"line":44,"column":30},"end":{"line":44,"column":31}},"loc":{"start":{"line":44,"column":40},"end":{"line":44,"column":61}},"line":44},"4":{"name":"(anonymous_4)","decl":{"start":{"line":51,"column":30},"end":{"line":51,"column":31}},"loc":{"start":{"line":51,"column":41},"end":{"line":51,"column":63}},"line":51},"5":{"name":"(anonymous_5)","decl":{"start":{"line":58,"column":30},"end":{"line":58,"column":31}},"loc":{"start":{"line":58,"column":44},"end":{"line":58,"column":69}},"line":58},"6":{"name":"(anonymous_6)","decl":{"start":{"line":66,"column":30},"end":{"line":66,"column":31}},"loc":{"start":{"line":66,"column":40},"end":{"line":66,"column":61}},"line":66},"7":{"name":"(anonymous_7)","decl":{"start":{"line":74,"column":23},"end":{"line":74,"column":24}},"loc":{"start":{"line":74,"column":29},"end":{"line":74,"column":48}},"line":74}},"branchMap":{"0":{"loc":{"start":{"line":35,"column":4},"end":{"line":81,"column":5}},"type":"if","locations":[{"start":{"line":35,"column":4},"end":{"line":81,"column":5}},{"start":{"line":35,"column":4},"end":{"line":81,"column":5}}],"line":35}},"s":{"0":0,"1":0,"2":0,"3":0,"4":0,"5":0,"6":0,"7":0,"8":0,"9":0,"10":0,"11":0,"12":1},"f":{"0":0,"1":0,"2":0,"3":0,"4":0,"5":0,"6":0,"7":0},"b":{"0":[0,0]},"_coverageSchema":"332fd63041d2c1bcb487cc26dd0d5f7d97098a6c","hash":"d41521858a0ecc6a258d9a22c26fecfc5526a3da"}
,"/Users/tobiaskusnaman/Documents/finalProject/client/src/res/background.jpg": {"path":"/Users/tobiaskusnaman/Documents/finalProject/client/src/res/background.jpg","statementMap":{"0":{"start":{"line":1,"column":0},"end":{"line":3,"column":6}}},"fnMap":{},"branchMap":{},"s":{"0":1},"f":{},"b":{},"_coverageSchema":"332fd63041d2c1bcb487cc26dd0d5f7d97098a6c","hash":"142c3813c397411bbb3df9758b6de1148d2a586b"}
,"/Users/tobiaskusnaman/Documents/finalProject/client/src/views/LandingScreen.js": {"path":"/Users/tobiaskusnaman/Documents/finalProject/client/src/views/LandingScreen.js","statementMap":{"0":{"start":{"line":20,"column":4},"end":{"line":20,"column":17}},"1":{"start":{"line":21,"column":4},"end":{"line":21,"column":22}},"2":{"start":{"line":25,"column":23},"end":{"line":25,"column":44}},"3":{"start":{"line":26,"column":4},"end":{"line":26,"column":32}},"4":{"start":{"line":34,"column":23},"end":{"line":34,"column":44}},"5":{"start":{"line":35,"column":4},"end":{"line":75,"column":6}},"6":{"start":{"line":45,"column":39},"end":{"line":45,"column":61}},"7":{"start":{"line":53,"column":42},"end":{"line":53,"column":67}},"8":{"start":{"line":62,"column":29},"end":{"line":62,"column":48}},"9":{"start":{"line":68,"column":29},"end":{"line":68,"column":49}},"10":{"start":{"line":79,"column":15},"end":{"line":88,"column":2}}},"fnMap":{"0":{"name":"(anonymous_0)","decl":{"start":{"line":19,"column":2},"end":{"line":19,"column":3}},"loc":{"start":{"line":19,"column":21},"end":{"line":22,"column":3}},"line":19},"1":{"name":"(anonymous_1)","decl":{"start":{"line":24,"column":17},"end":{"line":24,"column":18}},"loc":{"start":{"line":24,"column":23},"end":{"line":27,"column":3}},"line":24},"2":{"name":"(anonymous_2)","decl":{"start":{"line":33,"column":2},"end":{"line":33,"column":3}},"loc":{"start":{"line":33,"column":11},"end":{"line":76,"column":3}},"line":33},"3":{"name":"(anonymous_3)","decl":{"start":{"line":45,"column":28},"end":{"line":45,"column":29}},"loc":{"start":{"line":45,"column":39},"end":{"line":45,"column":61}},"line":45},"4":{"name":"(anonymous_4)","decl":{"start":{"line":53,"column":28},"end":{"line":53,"column":29}},"loc":{"start":{"line":53,"column":42},"end":{"line":53,"column":67}},"line":53},"5":{"name":"(anonymous_5)","decl":{"start":{"line":62,"column":23},"end":{"line":62,"column":24}},"loc":{"start":{"line":62,"column":29},"end":{"line":62,"column":48}},"line":62},"6":{"name":"(anonymous_6)","decl":{"start":{"line":68,"column":23},"end":{"line":68,"column":24}},"loc":{"start":{"line":68,"column":29},"end":{"line":68,"column":49}},"line":68}},"branchMap":{},"s":{"0":1,"1":1,"2":0,"3":0,"4":1,"5":1,"6":0,"7":0,"8":0,"9":0,"10":1},"f":{"0":1,"1":0,"2":1,"3":0,"4":0,"5":0,"6":0},"b":{},"_coverageSchema":"332fd63041d2c1bcb487cc26dd0d5f7d97098a6c","hash":"d3ebfdbe5b3c867afb1336d082db5c58bc215c38"}
,"/Users/tobiaskusnaman/Documents/finalProject/client/src/views/customer/ListMenuCustomer.js": {"path":"/Users/tobiaskusnaman/Documents/finalProject/client/src/views/customer/ListMenuCustomer.js","statementMap":{"0":{"start":{"line":7,"column":13},"end":{"line":43,"column":1}},"1":{"start":{"line":11,"column":6},"end":{"line":14,"column":7}},"2":{"start":{"line":13,"column":39},"end":{"line":13,"column":87}},"3":{"start":{"line":20,"column":6},"end":{"line":23,"column":7}},"4":{"start":{"line":22,"column":39},"end":{"line":22,"column":87}},"5":{"start":{"line":29,"column":6},"end":{"line":32,"column":7}},"6":{"start":{"line":31,"column":39},"end":{"line":31,"column":87}},"7":{"start":{"line":49,"column":17},"end":{"line":49,"column":28}},"8":{"start":{"line":50,"column":4},"end":{"line":59,"column":5}},"9":{"start":{"line":57,"column":25},"end":{"line":57,"column":83}},"10":{"start":{"line":63,"column":4},"end":{"line":67,"column":5}}},"fnMap":{"0":{"name":"(anonymous_0)","decl":{"start":{"line":10,"column":23},"end":{"line":10,"column":24}},"loc":{"start":{"line":10,"column":43},"end":{"line":15,"column":5}},"line":10},"1":{"name":"(anonymous_1)","decl":{"start":{"line":13,"column":20},"end":{"line":13,"column":21}},"loc":{"start":{"line":13,"column":39},"end":{"line":13,"column":87}},"line":13},"2":{"name":"(anonymous_2)","decl":{"start":{"line":19,"column":23},"end":{"line":19,"column":24}},"loc":{"start":{"line":19,"column":43},"end":{"line":24,"column":5}},"line":19},"3":{"name":"(anonymous_3)","decl":{"start":{"line":22,"column":20},"end":{"line":22,"column":21}},"loc":{"start":{"line":22,"column":39},"end":{"line":22,"column":87}},"line":22},"4":{"name":"(anonymous_4)","decl":{"start":{"line":28,"column":23},"end":{"line":28,"column":24}},"loc":{"start":{"line":28,"column":43},"end":{"line":33,"column":5}},"line":28},"5":{"name":"(anonymous_5)","decl":{"start":{"line":31,"column":20},"end":{"line":31,"column":21}},"loc":{"start":{"line":31,"column":39},"end":{"line":31,"column":87}},"line":31},"6":{"name":"(anonymous_6)","decl":{"start":{"line":48,"column":29},"end":{"line":48,"column":30}},"loc":{"start":{"line":48,"column":49},"end":{"line":60,"column":3}},"line":48},"7":{"name":"(anonymous_7)","decl":{"start":{"line":57,"column":19},"end":{"line":57,"column":20}},"loc":{"start":{"line":57,"column":25},"end":{"line":57,"column":83}},"line":57},"8":{"name":"(anonymous_8)","decl":{"start":{"line":62,"column":2},"end":{"line":62,"column":3}},"loc":{"start":{"line":62,"column":11},"end":{"line":68,"column":3}},"line":62}},"branchMap":{},"s":{"0":1,"1":0,"2":0,"3":0,"4":0,"5":0,"6":0,"7":0,"8":0,"9":0,"10":1},"f":{"0":0,"1":0,"2":0,"3":0,"4":0,"5":0,"6":0,"7":0,"8":1},"b":{},"_coverageSchema":"332fd63041d2c1bcb487cc26dd0d5f7d97098a6c","hash":"f70069ff440569c4dd7c85cabfa0b99ed86c001f"}
,"/Users/tobiaskusnaman/Documents/finalProject/client/src/views/customer/OrderSummary.js": {"path":"/Users/tobiaskusnaman/Documents/finalProject/client/src/views/customer/OrderSummary.js","statementMap":{"0":{"start":{"line":7,"column":4},"end":{"line":7,"column":17}},"1":{"start":{"line":8,"column":4},"end":{"line":24,"column":6}},"2":{"start":{"line":29,"column":17},"end":{"line":29,"column":32}},"3":{"start":{"line":30,"column":4},"end":{"line":32,"column":5}},"4":{"start":{"line":36,"column":4},"end":{"line":104,"column":6}},"5":{"start":{"line":45,"column":12},"end":{"line":94,"column":13}},"6":{"start":{"line":68,"column":26},"end":{"line":71,"column":28}},"7":{"start":{"line":82,"column":26},"end":{"line":85,"column":28}},"8":{"start":{"line":108,"column":15},"end":{"line":125,"column":2}}},"fnMap":{"0":{"name":"(anonymous_0)","decl":{"start":{"line":6,"column":2},"end":{"line":6,"column":3}},"loc":{"start":{"line":6,"column":21},"end":{"line":26,"column":3}},"line":6},"1":{"name":"(anonymous_1)","decl":{"start":{"line":28,"column":29},"end":{"line":28,"column":30}},"loc":{"start":{"line":28,"column":49},"end":{"line":33,"column":3}},"line":28},"2":{"name":"(anonymous_2)","decl":{"start":{"line":35,"column":2},"end":{"line":35,"column":3}},"loc":{"start":{"line":35,"column":11},"end":{"line":105,"column":3}},"line":35},"3":{"name":"(anonymous_3)","decl":{"start":{"line":44,"column":39},"end":{"line":44,"column":40}},"loc":{"start":{"line":44,"column":47},"end":{"line":95,"column":11}},"line":44},"4":{"name":"(anonymous_4)","decl":{"start":{"line":66,"column":33},"end":{"line":66,"column":34}},"loc":{"start":{"line":66,"column":39},"end":{"line":72,"column":25}},"line":66},"5":{"name":"(anonymous_5)","decl":{"start":{"line":81,"column":33},"end":{"line":81,"column":34}},"loc":{"start":{"line":81,"column":39},"end":{"line":86,"column":25}},"line":81}},"branchMap":{},"s":{"0":0,"1":0,"2":0,"3":0,"4":0,"5":0,"6":0,"7":0,"8":1},"f":{"0":0,"1":0,"2":0,"3":0,"4":0,"5":0},"b":{},"_coverageSchema":"332fd63041d2c1bcb487cc26dd0d5f7d97098a6c","hash":"78857a4358e0497867dfb346b6da7eb009ef2d0d"}
,"/Users/tobiaskusnaman/Documents/finalProject/client/src/views/customer/SearchRestaurant.js": {"path":"/Users/tobiaskusnaman/Documents/finalProject/client/src/views/customer/SearchRestaurant.js","statementMap":{"0":{"start":{"line":10,"column":4},"end":{"line":10,"column":16}},"1":{"start":{"line":14,"column":23},"end":{"line":14,"column":39}},"2":{"start":{"line":15,"column":17},"end":{"line":15,"column":36}},"3":{"start":{"line":16,"column":4},"end":{"line":34,"column":5}},"4":{"start":{"line":25,"column":8},"end":{"line":25,"column":67}},"5":{"start":{"line":32,"column":25},"end":{"line":32,"column":58}},"6":{"start":{"line":38,"column":23},"end":{"line":38,"column":44}},"7":{"start":{"line":39,"column":4},"end":{"line":43,"column":5}},"8":{"start":{"line":48,"column":15},"end":{"line":54,"column":2}}},"fnMap":{"0":{"name":"(anonymous_0)","decl":{"start":{"line":9,"column":2},"end":{"line":9,"column":3}},"loc":{"start":{"line":9,"column":20},"end":{"line":11,"column":3}},"line":9},"1":{"name":"(anonymous_1)","decl":{"start":{"line":13,"column":29},"end":{"line":13,"column":30}},"loc":{"start":{"line":13,"column":49},"end":{"line":35,"column":3}},"line":13},"2":{"name":"(anonymous_2)","decl":{"start":{"line":24,"column":18},"end":{"line":24,"column":19}},"loc":{"start":{"line":25,"column":8},"end":{"line":25,"column":67}},"line":25},"3":{"name":"(anonymous_3)","decl":{"start":{"line":32,"column":19},"end":{"line":32,"column":20}},"loc":{"start":{"line":32,"column":25},"end":{"line":32,"column":58}},"line":32},"4":{"name":"(anonymous_4)","decl":{"start":{"line":37,"column":2},"end":{"line":37,"column":3}},"loc":{"start":{"line":37,"column":10},"end":{"line":44,"column":3}},"line":37}},"branchMap":{},"s":{"0":0,"1":0,"2":0,"3":0,"4":0,"5":0,"6":0,"7":0,"8":1},"f":{"0":0,"1":0,"2":0,"3":0,"4":0},"b":{},"_coverageSchema":"332fd63041d2c1bcb487cc26dd0d5f7d97098a6c","hash":"dc959d031af516b017432628c18ee00d7e362615"}
,"/Users/tobiaskusnaman/Documents/finalProject/client/src/views/customer/SelectTable.js": {"path":"/Users/tobiaskusnaman/Documents/finalProject/client/src/views/customer/SelectTable.js","statementMap":{"0":{"start":{"line":20,"column":17},"end":{"line":20,"column":31}},"1":{"start":{"line":21,"column":4},"end":{"line":23,"column":5}},"2":{"start":{"line":27,"column":4},"end":{"line":27,"column":16}},"3":{"start":{"line":28,"column":25},"end":{"line":28,"column":46}},"4":{"start":{"line":32,"column":25},"end":{"line":32,"column":46}},"5":{"start":{"line":33,"column":4},"end":{"line":33,"column":36}},"6":{"start":{"line":38,"column":4},"end":{"line":56,"column":5}},"7":{"start":{"line":49,"column":29},"end":{"line":49,"column":70}},"8":{"start":{"line":61,"column":15},"end":{"line":77,"column":2}}},"fnMap":{"0":{"name":"(anonymous_0)","decl":{"start":{"line":19,"column":29},"end":{"line":19,"column":30}},"loc":{"start":{"line":19,"column":49},"end":{"line":24,"column":3}},"line":19},"1":{"name":"(anonymous_1)","decl":{"start":{"line":26,"column":2},"end":{"line":26,"column":3}},"loc":{"start":{"line":26,"column":21},"end":{"line":29,"column":3}},"line":26},"2":{"name":"(anonymous_2)","decl":{"start":{"line":31,"column":27},"end":{"line":31,"column":28}},"loc":{"start":{"line":31,"column":35},"end":{"line":34,"column":3}},"line":31},"3":{"name":"(anonymous_3)","decl":{"start":{"line":37,"column":2},"end":{"line":37,"column":3}},"loc":{"start":{"line":37,"column":11},"end":{"line":57,"column":3}},"line":37},"4":{"name":"(anonymous_4)","decl":{"start":{"line":49,"column":23},"end":{"line":49,"column":24}},"loc":{"start":{"line":49,"column":29},"end":{"line":49,"column":70}},"line":49}},"branchMap":{},"s":{"0":0,"1":0,"2":0,"3":0,"4":0,"5":0,"6":0,"7":0,"8":1},"f":{"0":0,"1":0,"2":0,"3":0,"4":0},"b":{},"_coverageSchema":"332fd63041d2c1bcb487cc26dd0d5f7d97098a6c","hash":"9fea3c89e11ab8b379486401f32d11c95d471a4a"}
,"/Users/tobiaskusnaman/Documents/finalProject/client/src/views/owner/ListMenuOwner.js": {"path":"/Users/tobiaskusnaman/Documents/finalProject/client/src/views/owner/ListMenuOwner.js","statementMap":{"0":{"start":{"line":8,"column":4},"end":{"line":8,"column":11}},"1":{"start":{"line":9,"column":4},"end":{"line":26,"column":5}},"2":{"start":{"line":30,"column":4},"end":{"line":49,"column":6}},"3":{"start":{"line":36,"column":12},"end":{"line":44,"column":23}},"4":{"start":{"line":37,"column":29},"end":{"line":37,"column":47}},"5":{"start":{"line":53,"column":15},"end":{"line":59,"column":2}}},"fnMap":{"0":{"name":"(anonymous_0)","decl":{"start":{"line":7,"column":2},"end":{"line":7,"column":3}},"loc":{"start":{"line":7,"column":17},"end":{"line":27,"column":3}},"line":7},"1":{"name":"(anonymous_1)","decl":{"start":{"line":29,"column":2},"end":{"line":29,"column":3}},"loc":{"start":{"line":29,"column":11},"end":{"line":50,"column":3}},"line":29},"2":{"name":"(anonymous_2)","decl":{"start":{"line":35,"column":22},"end":{"line":35,"column":23}},"loc":{"start":{"line":36,"column":12},"end":{"line":44,"column":23}},"line":36},"3":{"name":"(anonymous_3)","decl":{"start":{"line":37,"column":23},"end":{"line":37,"column":24}},"loc":{"start":{"line":37,"column":29},"end":{"line":37,"column":47}},"line":37}},"branchMap":{},"s":{"0":1,"1":1,"2":1,"3":0,"4":0,"5":1},"f":{"0":1,"1":1,"2":0,"3":0},"b":{},"_coverageSchema":"332fd63041d2c1bcb487cc26dd0d5f7d97098a6c","hash":"c87026a3f2381b7cc7fa7c6d1600ed27e4f2188f"}
,"/Users/tobiaskusnaman/Documents/finalProject/client/test/client/listMenu.js": {"path":"/Users/tobiaskusnaman/Documents/finalProject/client/test/client/listMenu.js","statementMap":{"0":{"start":{"line":11,"column":15},"end":{"line":47,"column":3}},"1":{"start":{"line":15,"column":8},"end":{"line":18,"column":9}},"2":{"start":{"line":17,"column":41},"end":{"line":17,"column":89}},"3":{"start":{"line":24,"column":8},"end":{"line":27,"column":9}},"4":{"start":{"line":26,"column":41},"end":{"line":26,"column":89}},"5":{"start":{"line":33,"column":8},"end":{"line":36,"column":9}},"6":{"start":{"line":35,"column":41},"end":{"line":35,"column":89}},"7":{"start":{"line":49,"column":2},"end":{"line":58,"column":4}},"8":{"start":{"line":50,"column":20},"end":{"line":52,"column":5}},"9":{"start":{"line":53,"column":4},"end":{"line":57,"column":7}}},"fnMap":{"0":{"name":"(anonymous_0)","decl":{"start":{"line":10,"column":46},"end":{"line":10,"column":47}},"loc":{"start":{"line":10,"column":52},"end":{"line":60,"column":1}},"line":10},"1":{"name":"(anonymous_1)","decl":{"start":{"line":14,"column":25},"end":{"line":14,"column":26}},"loc":{"start":{"line":14,"column":45},"end":{"line":19,"column":7}},"line":14},"2":{"name":"(anonymous_2)","decl":{"start":{"line":17,"column":22},"end":{"line":17,"column":23}},"loc":{"start":{"line":17,"column":41},"end":{"line":17,"column":89}},"line":17},"3":{"name":"(anonymous_3)","decl":{"start":{"line":23,"column":25},"end":{"line":23,"column":26}},"loc":{"start":{"line":23,"column":45},"end":{"line":28,"column":7}},"line":23},"4":{"name":"(anonymous_4)","decl":{"start":{"line":26,"column":22},"end":{"line":26,"column":23}},"loc":{"start":{"line":26,"column":41},"end":{"line":26,"column":89}},"line":26},"5":{"name":"(anonymous_5)","decl":{"start":{"line":32,"column":25},"end":{"line":32,"column":26}},"loc":{"start":{"line":32,"column":45},"end":{"line":37,"column":7}},"line":32},"6":{"name":"(anonymous_6)","decl":{"start":{"line":35,"column":22},"end":{"line":35,"column":23}},"loc":{"start":{"line":35,"column":41},"end":{"line":35,"column":89}},"line":35},"7":{"name":"(anonymous_7)","decl":{"start":{"line":49,"column":28},"end":{"line":49,"column":29}},"loc":{"start":{"line":49,"column":34},"end":{"line":58,"column":3}},"line":49}},"branchMap":{},"s":{"0":1,"1":0,"2":0,"3":0,"4":0,"5":0,"6":0,"7":1,"8":1,"9":1},"f":{"0":1,"1":0,"2":0,"3":0,"4":0,"5":0,"6":0,"7":1},"b":{},"_coverageSchema":"332fd63041d2c1bcb487cc26dd0d5f7d97098a6c","hash":"32b18f8c6d7d3184bea1d932d88f68f18d8c0d14"}
,"/Users/tobiaskusnaman/Documents/finalProject/client/test/owner/listMenu.js": {"path":"/Users/tobiaskusnaman/Documents/finalProject/client/test/owner/listMenu.js","statementMap":{"0":{"start":{"line":8,"column":2},"end":{"line":18,"column":4}},"1":{"start":{"line":9,"column":20},"end":{"line":11,"column":5}},"2":{"start":{"line":12,"column":4},"end":{"line":17,"column":7}}},"fnMap":{"0":{"name":"(anonymous_0)","decl":{"start":{"line":7,"column":43},"end":{"line":7,"column":44}},"loc":{"start":{"line":7,"column":49},"end":{"line":32,"column":1}},"line":7},"1":{"name":"(anonymous_1)","decl":{"start":{"line":8,"column":46},"end":{"line":8,"column":47}},"loc":{"start":{"line":8,"column":52},"end":{"line":18,"column":3}},"line":8}},"branchMap":{},"s":{"0":1,"1":1,"2":1},"f":{"0":1,"1":1},"b":{},"_coverageSchema":"332fd63041d2c1bcb487cc26dd0d5f7d97098a6c","hash":"02f147221e9cabe00c9315f7991753090669fae5"}
}
