TN:
SF:/Users/tobiaskusnaman/Documents/finalProject/client/App.js
FN:22,(anonymous_0)
FN:31,(anonymous_1)
FN:91,(anonymous_2)
FNF:3
FNH:3
FNDA:1,(anonymous_0)
FNDA:5,(anonymous_1)
FNDA:1,(anonymous_2)
DA:23,1
DA:31,5
DA:43,1
DA:74,1
DA:85,1
DA:92,1
DA:116,1
LF:7
LH:7
BRF:0
BRH:0
end_of_record
TN:
SF:/Users/tobiaskusnaman/Documents/finalProject/client/src/components/LandingScreen/Register.js
FN:18,(anonymous_0)
FN:23,(anonymous_1)
FN:31,(anonymous_2)
FN:37,(anonymous_3)
FN:45,(anonymous_4)
FN:53,(anonymous_5)
FN:61,(anonymous_6)
FNF:7
FNH:0
FNDA:0,(anonymous_0)
FNDA:0,(anonymous_1)
FNDA:0,(anonymous_2)
FNDA:0,(anonymous_3)
FNDA:0,(anonymous_4)
FNDA:0,(anonymous_5)
FNDA:0,(anonymous_6)
DA:19,0
DA:20,0
DA:24,0
DA:32,0
DA:37,0
DA:45,0
DA:53,0
DA:61,0
DA:71,1
LF:9
LH:1
BRF:0
BRH:0
end_of_record
TN:
SF:/Users/tobiaskusnaman/Documents/finalProject/client/src/components/customer/CardMenu.js
FN:17,(anonymous_0)
FN:20,(anonymous_1)
FNF:2
FNH:0
FNDA:0,(anonymous_0)
FNDA:0,(anonymous_1)
DA:18,0
DA:21,0
DA:22,0
DA:46,1
DA:47,1
DA:48,1
LF:6
LH:3
BRF:0
BRH:0
end_of_record
TN:
SF:/Users/tobiaskusnaman/Documents/finalProject/client/src/components/customer/CardRestaurant.js
FN:20,(anonymous_0)
FN:24,(anonymous_1)
FN:29,(anonymous_2)
FN:44,(anonymous_3)
FNF:4
FNH:0
FNDA:0,(anonymous_0)
FNDA:0,(anonymous_1)
FNDA:0,(anonymous_2)
FNDA:0,(anonymous_3)
DA:21,0
DA:25,0
DA:26,0
DA:31,0
DA:44,0
DA:59,1
LF:6
LH:1
BRF:0
BRH:0
end_of_record
TN:
SF:/Users/tobiaskusnaman/Documents/finalProject/client/src/components/customer/MenuCategory.js
FN:12,(anonymous_0)
FN:20,(anonymous_1)
FN:22,(anonymous_2)
FN:31,(anonymous_3)
FNF:4
FNH:0
FNDA:0,(anonymous_0)
FNDA:0,(anonymous_1)
FNDA:0,(anonymous_2)
FNDA:0,(anonymous_3)
DA:13,0
DA:15,0
DA:20,0
DA:24,0
DA:32,0
DA:41,1
LF:6
LH:1
BRF:0
BRH:0
end_of_record
TN:
SF:/Users/tobiaskusnaman/Documents/finalProject/client/src/components/owner/AddMenu.js
FN:19,(anonymous_0)
FN:29,(anonymous_1)
FN:34,(anonymous_2)
FN:41,(anonymous_3)
FN:48,(anonymous_4)
FN:55,(anonymous_5)
FN:63,(anonymous_6)
FN:71,(anonymous_7)
FNF:8
FNH:0
FNDA:0,(anonymous_0)
FNDA:0,(anonymous_1)
FNDA:0,(anonymous_2)
FNDA:0,(anonymous_3)
FNDA:0,(anonymous_4)
FNDA:0,(anonymous_5)
FNDA:0,(anonymous_6)
FNDA:0,(anonymous_7)
DA:20,0
DA:21,0
DA:30,0
DA:31,0
DA:35,0
DA:41,0
DA:48,0
DA:55,0
DA:63,0
DA:71,0
DA:81,1
LF:11
LH:1
BRF:0
BRH:0
end_of_record
TN:
SF:/Users/tobiaskusnaman/Documents/finalProject/client/src/components/owner/DetailMenu.js
FN:8,(anonymous_0)
FN:20,(anonymous_1)
FN:42,(anonymous_2)
FNF:3
FNH:0
FNDA:0,(anonymous_0)
FNDA:0,(anonymous_1)
FNDA:0,(anonymous_2)
DA:9,0
DA:10,0
DA:21,0
DA:42,0
LF:4
LH:0
BRF:0
BRH:0
end_of_record
TN:
SF:/Users/tobiaskusnaman/Documents/finalProject/client/src/components/owner/EditMenu.js
FN:19,(anonymous_0)
FN:29,(anonymous_1)
FN:34,(anonymous_2)
FN:44,(anonymous_3)
FN:51,(anonymous_4)
FN:58,(anonymous_5)
FN:66,(anonymous_6)
FN:74,(anonymous_7)
FNF:8
FNH:0
FNDA:0,(anonymous_0)
FNDA:0,(anonymous_1)
FNDA:0,(anonymous_2)
FNDA:0,(anonymous_3)
FNDA:0,(anonymous_4)
FNDA:0,(anonymous_5)
FNDA:0,(anonymous_6)
FNDA:0,(anonymous_7)
DA:20,0
DA:21,0
DA:30,0
DA:31,0
DA:35,0
DA:36,0
DA:38,0
DA:44,0
DA:51,0
DA:58,0
DA:66,0
DA:74,0
DA:85,1
LF:13
LH:1
BRDA:35,0,0,0
BRDA:35,0,1,0
BRF:2
BRH:0
end_of_record
TN:
SF:/Users/tobiaskusnaman/Documents/finalProject/client/src/res/background.jpg
FNF:0
FNH:0
DA:1,1
LF:1
LH:1
BRF:0
BRH:0
end_of_record
TN:
SF:/Users/tobiaskusnaman/Documents/finalProject/client/src/views/LandingScreen.js
FN:19,(anonymous_0)
FN:24,(anonymous_1)
FN:33,(anonymous_2)
FN:45,(anonymous_3)
FN:53,(anonymous_4)
FN:62,(anonymous_5)
FN:68,(anonymous_6)
FNF:7
FNH:2
FNDA:1,(anonymous_0)
FNDA:0,(anonymous_1)
FNDA:1,(anonymous_2)
FNDA:0,(anonymous_3)
FNDA:0,(anonymous_4)
FNDA:0,(anonymous_5)
FNDA:0,(anonymous_6)
DA:20,1
DA:21,1
DA:25,0
DA:26,0
DA:34,1
DA:35,1
DA:45,0
DA:53,0
DA:62,0
DA:68,0
DA:79,1
LF:11
LH:5
BRF:0
BRH:0
end_of_record
TN:
SF:/Users/tobiaskusnaman/Documents/finalProject/client/src/views/customer/ListMenuCustomer.js
FN:10,(anonymous_0)
FN:13,(anonymous_1)
FN:19,(anonymous_2)
FN:22,(anonymous_3)
FN:28,(anonymous_4)
FN:31,(anonymous_5)
FN:48,(anonymous_6)
FN:57,(anonymous_7)
FN:62,(anonymous_8)
FNF:9
FNH:1
FNDA:0,(anonymous_0)
FNDA:0,(anonymous_1)
FNDA:0,(anonymous_2)
FNDA:0,(anonymous_3)
FNDA:0,(anonymous_4)
FNDA:0,(anonymous_5)
FNDA:0,(anonymous_6)
FNDA:0,(anonymous_7)
FNDA:1,(anonymous_8)
DA:7,1
DA:11,0
DA:13,0
DA:20,0
DA:22,0
DA:29,0
DA:31,0
DA:49,0
DA:50,0
DA:57,0
DA:63,1
LF:11
LH:2
BRF:0
BRH:0
end_of_record
TN:
SF:/Users/tobiaskusnaman/Documents/finalProject/client/src/views/customer/OrderSummary.js
FN:6,(anonymous_0)
FN:28,(anonymous_1)
FN:35,(anonymous_2)
FN:44,(anonymous_3)
FN:66,(anonymous_4)
FN:81,(anonymous_5)
FNF:6
FNH:0
FNDA:0,(anonymous_0)
FNDA:0,(anonymous_1)
FNDA:0,(anonymous_2)
FNDA:0,(anonymous_3)
FNDA:0,(anonymous_4)
FNDA:0,(anonymous_5)
DA:7,0
DA:8,0
DA:29,0
DA:30,0
DA:36,0
DA:45,0
DA:68,0
DA:82,0
DA:108,1
LF:9
LH:1
BRF:0
BRH:0
end_of_record
TN:
SF:/Users/tobiaskusnaman/Documents/finalProject/client/src/views/customer/SearchRestaurant.js
FN:9,(anonymous_0)
FN:13,(anonymous_1)
FN:24,(anonymous_2)
FN:32,(anonymous_3)
FN:37,(anonymous_4)
FNF:5
FNH:0
FNDA:0,(anonymous_0)
FNDA:0,(anonymous_1)
FNDA:0,(anonymous_2)
FNDA:0,(anonymous_3)
FNDA:0,(anonymous_4)
DA:10,0
DA:14,0
DA:15,0
DA:16,0
DA:25,0
DA:32,0
DA:38,0
DA:39,0
DA:48,1
LF:9
LH:1
BRF:0
BRH:0
end_of_record
TN:
SF:/Users/tobiaskusnaman/Documents/finalProject/client/src/views/customer/SelectTable.js
FN:19,(anonymous_0)
FN:26,(anonymous_1)
FN:31,(anonymous_2)
FN:37,(anonymous_3)
FN:49,(anonymous_4)
FNF:5
FNH:0
FNDA:0,(anonymous_0)
FNDA:0,(anonymous_1)
FNDA:0,(anonymous_2)
FNDA:0,(anonymous_3)
FNDA:0,(anonymous_4)
DA:20,0
DA:21,0
DA:27,0
DA:28,0
DA:32,0
DA:33,0
DA:38,0
DA:49,0
DA:61,1
LF:9
LH:1
BRF:0
BRH:0
end_of_record
TN:
SF:/Users/tobiaskusnaman/Documents/finalProject/client/src/views/owner/ListMenuOwner.js
FN:7,(anonymous_0)
FN:29,(anonymous_1)
FN:35,(anonymous_2)
FN:37,(anonymous_3)
FNF:4
FNH:2
FNDA:1,(anonymous_0)
FNDA:1,(anonymous_1)
FNDA:0,(anonymous_2)
FNDA:0,(anonymous_3)
DA:8,1
DA:9,1
DA:30,1
DA:36,0
DA:37,0
DA:53,1
LF:6
LH:4
BRF:0
BRH:0
end_of_record
TN:
SF:/Users/tobiaskusnaman/Documents/finalProject/client/test/client/listMenu.js
FN:10,(anonymous_0)
FN:14,(anonymous_1)
FN:17,(anonymous_2)
FN:23,(anonymous_3)
FN:26,(anonymous_4)
FN:32,(anonymous_5)
FN:35,(anonymous_6)
FN:49,(anonymous_7)
FNF:8
FNH:2
FNDA:1,(anonymous_0)
FNDA:0,(anonymous_1)
FNDA:0,(anonymous_2)
FNDA:0,(anonymous_3)
FNDA:0,(anonymous_4)
FNDA:0,(anonymous_5)
FNDA:0,(anonymous_6)
FNDA:1,(anonymous_7)
DA:11,1
DA:15,0
DA:17,0
DA:24,0
DA:26,0
DA:33,0
DA:35,0
DA:49,1
DA:50,1
DA:53,1
LF:10
LH:4
BRF:0
BRH:0
end_of_record
TN:
SF:/Users/tobiaskusnaman/Documents/finalProject/client/test/owner/listMenu.js
FN:7,(anonymous_0)
FN:8,(anonymous_1)
FNF:2
FNH:2
FNDA:1,(anonymous_0)
FNDA:1,(anonymous_1)
DA:8,1
DA:9,1
DA:12,1
LF:3
LH:3
BRF:0
BRH:0
end_of_record
